Microsoft (R) Help Compiler
HCRTF 4.03.0002
Copyright (c) Microsoft Corp 1990 - 1995. All rights reserved.
AbbreviaBCB.hpj
    HC3048: Warning: topic #3 of D:\Abbrevia\Help\BCB\11misccomp.rtf : 
	Nonscrolling region defined after scrolling region.
    HC3048: Warning: topic #4 of D:\Abbrevia\Help\BCB\11misccomp.rtf : 
	Nonscrolling region defined after scrolling region.
    HC3048: Warning: topic #5 of D:\Abbrevia\Help\BCB\11misccomp.rtf : 
	Nonscrolling region defined after scrolling region.
    HC3048: Warning: topic #6 of D:\Abbrevia\Help\BCB\11misccomp.rtf : 
	Nonscrolling region defined after scrolling region.
    HC3048: Warning: topic #7 of D:\Abbrevia\Help\BCB\11misccomp.rtf : 
	Nonscrolling region defined after scrolling region.
    HC3048: Warning: topic #8 of D:\Abbrevia\Help\BCB\11misccomp.rtf : 
	Nonscrolling region defined after scrolling region.
    HC3048: Warning: topic #9 of D:\Abbrevia\Help\BCB\11misccomp.rtf : 
	Nonscrolling region defined after scrolling region.
    HC3048: Warning: topic #10 of D:\Abbrevia\Help\BCB\11misccomp.rtf : 
	Nonscrolling region defined after scrolling region.
    HC3048: Warning: topic #13 of D:\Abbrevia\Help\BCB\11misccomp.rtf : 
	Nonscrolling region defined after scrolling region.
    HC3048: Warning: topic #14 of D:\Abbrevia\Help\BCB\11misccomp.rtf : 
	Nonscrolling region defined after scrolling region.
    HC3048: Warning: topic #15 of D:\Abbrevia\Help\BCB\11misccomp.rtf : 
	Nonscrolling region defined after scrolling region.
    HC3048: Warning: topic #16 of D:\Abbrevia\Help\BCB\11misccomp.rtf : 
	Nonscrolling region defined after scrolling region.
    HC3048: Warning: topic #17 of D:\Abbrevia\Help\BCB\11misccomp.rtf : 
	Nonscrolling region defined after scrolling region.
    HC3048: Warning: topic #18 of D:\Abbrevia\Help\BCB\11misccomp.rtf : 
	Nonscrolling region defined after scrolling region.
    HC3048: Warning: topic #19 of D:\Abbrevia\Help\BCB\11misccomp.rtf : 
	Nonscrolling region defined after scrolling region.
    HC3048: Warning: topic #20 of D:\Abbrevia\Help\BCB\11misccomp.rtf : 
	Nonscrolling region defined after scrolling region.
    HC3048: Warning: topic #21 of D:\Abbrevia\Help\BCB\11misccomp.rtf : 
	Nonscrolling region defined after scrolling region.
    HC3048: Warning: topic #24 of D:\Abbrevia\Help\BCB\11misccomp.rtf : 
	Nonscrolling region defined after scrolling region.
    HC3048: Warning: topic #25 of D:\Abbrevia\Help\BCB\11misccomp.rtf : 
	Nonscrolling region defined after scrolling region.
    HC3048: Warning: topic #26 of D:\Abbrevia\Help\BCB\11misccomp.rtf : 
	Nonscrolling region defined after scrolling region.
    HC3048: Warning: topic #27 of D:\Abbrevia\Help\BCB\11misccomp.rtf : 
	Nonscrolling region defined after scrolling region.
    HC3048: Warning: topic #28 of D:\Abbrevia\Help\BCB\11misccomp.rtf : 
	Nonscrolling region defined after scrolling region.
    HC3048: Warning: topic #29 of D:\Abbrevia\Help\BCB\11misccomp.rtf : 
	Nonscrolling region defined after scrolling region.
    HC3048: Warning: topic #30 of D:\Abbrevia\Help\BCB\11misccomp.rtf : 
	Nonscrolling region defined after scrolling region.
    HC3048: Warning: topic #31 of D:\Abbrevia\Help\BCB\11misccomp.rtf : 
	Nonscrolling region defined after scrolling region.
    HC3048: Warning: topic #32 of D:\Abbrevia\Help\BCB\11misccomp.rtf : 
	Nonscrolling region defined after scrolling region.
    HC3048: Warning: topic #33 of D:\Abbrevia\Help\BCB\11misccomp.rtf : 
	Nonscrolling region defined after scrolling region.
    HC3048: Warning: topic #34 of D:\Abbrevia\Help\BCB\11misccomp.rtf : 
	Nonscrolling region defined after scrolling region.
    HC3048: Warning: topic #36 of D:\Abbrevia\Help\BCB\11misccomp.rtf : 
	Nonscrolling region defined after scrolling region.
    HC3048: Warning: topic #37 of D:\Abbrevia\Help\BCB\11misccomp.rtf : 
	Nonscrolling region defined after scrolling region.
    HC3048: Warning: topic #38 of D:\Abbrevia\Help\BCB\11misccomp.rtf : 
	Nonscrolling region defined after scrolling region.
    HC3048: Warning: topic #41 of D:\Abbrevia\Help\BCB\11misccomp.rtf : 
	Nonscrolling region defined after scrolling region.
    HC3048: Warning: topic #42 of D:\Abbrevia\Help\BCB\11misccomp.rtf : 
	Nonscrolling region defined after scrolling region.
    HC3048: Warning: topic #43 of D:\Abbrevia\Help\BCB\11misccomp.rtf : 
	Nonscrolling region defined after scrolling region.
    HC3048: Warning: topic #44 of D:\Abbrevia\Help\BCB\11misccomp.rtf : 
	Nonscrolling region defined after scrolling region.
    HC1012: Note: topic #45 of D:\Abbrevia\Help\BCB\11misccomp.rtf : 
	Table cell borders are not supported.
    HC3048: Warning: topic #45 of D:\Abbrevia\Help\BCB\11misccomp.rtf : 
	Nonscrolling region defined after scrolling region.
    HC3048: Warning: topic #46 of D:\Abbrevia\Help\BCB\11misccomp.rtf : 
	Nonscrolling region defined after scrolling region.
    HC3048: Warning: topic #47 of D:\Abbrevia\Help\BCB\11misccomp.rtf : 
	Nonscrolling region defined after scrolling region.
    HC3048: Warning: topic #48 of D:\Abbrevia\Help\BCB\11misccomp.rtf : 
	Nonscrolling region defined after scrolling region.
    HC1012: Note: topic #49 of D:\Abbrevia\Help\BCB\11misccomp.rtf : 
	Table cell borders are not supported.
    HC3048: Warning: topic #49 of D:\Abbrevia\Help\BCB\11misccomp.rtf : 
	Nonscrolling region defined after scrolling region.
    HC3048: Warning: topic #50 of D:\Abbrevia\Help\BCB\11misccomp.rtf : 
	Nonscrolling region defined after scrolling region.
    HC1012: Note: topic #51 of D:\Abbrevia\Help\BCB\11misccomp.rtf : 
	Table cell borders are not supported.
    HC3048: Warning: topic #51 of D:\Abbrevia\Help\BCB\11misccomp.rtf : 
	Nonscrolling region defined after scrolling region.
    HC3048: Warning: topic #52 of D:\Abbrevia\Help\BCB\11misccomp.rtf : 
	Nonscrolling region defined after scrolling region.
    HC3048: Warning: topic #54 of D:\Abbrevia\Help\BCB\11misccomp.rtf : 
	Nonscrolling region defined after scrolling region.
    HC3048: Warning: topic #55 of D:\Abbrevia\Help\BCB\11misccomp.rtf : 
	Nonscrolling region defined after scrolling region.
    HC3048: Warning: topic #56 of D:\Abbrevia\Help\BCB\11misccomp.rtf : 
	Nonscrolling region defined after scrolling region.
    HC3048: Warning: topic #3 of D:\Abbrevia\Help\BCB\12COMObj.rtf : 
	Nonscrolling region defined after scrolling region.
    HC1012: Note: topic #3 of D:\Abbrevia\Help\BCB\12COMObj.rtf : 
	Table cell borders are not supported.
    HC3048: Warning: topic #4 of D:\Abbrevia\Help\BCB\12COMObj.rtf : 
	Nonscrolling region defined after scrolling region.
    HC3048: Warning: topic #5 of D:\Abbrevia\Help\BCB\12COMObj.rtf : 
	Nonscrolling region defined after scrolling region.
    HC1012: Note: topic #5 of D:\Abbrevia\Help\BCB\12COMObj.rtf : 
	Table cell borders are not supported.
    HC3048: Warning: topic #6 of D:\Abbrevia\Help\BCB\12COMObj.rtf : 
	Nonscrolling region defined after scrolling region.
    HC3048: Warning: topic #7 of D:\Abbrevia\Help\BCB\12COMObj.rtf : 
	Nonscrolling region defined after scrolling region.
    HC3048: Warning: topic #8 of D:\Abbrevia\Help\BCB\12COMObj.rtf : 
	Nonscrolling region defined after scrolling region.
    HC3048: Warning: topic #9 of D:\Abbrevia\Help\BCB\12COMObj.rtf : 
	Nonscrolling region defined after scrolling region.
    HC1012: Note: topic #9 of D:\Abbrevia\Help\BCB\12COMObj.rtf : 
	Table cell borders are not supported.
    HC1012: Note: topic #10 of D:\Abbrevia\Help\BCB\12COMObj.rtf : 
	Table cell borders are not supported.
    HC3048: Warning: topic #10 of D:\Abbrevia\Help\BCB\12COMObj.rtf : 
	Nonscrolling region defined after scrolling region.
    HC3048: Warning: topic #11 of D:\Abbrevia\Help\BCB\12COMObj.rtf : 
	Nonscrolling region defined after scrolling region.
    HC3048: Warning: topic #12 of D:\Abbrevia\Help\BCB\12COMObj.rtf : 
	Nonscrolling region defined after scrolling region.
    HC3048: Warning: topic #13 of D:\Abbrevia\Help\BCB\12COMObj.rtf : 
	Nonscrolling region defined after scrolling region.
    HC1012: Note: topic #14 of D:\Abbrevia\Help\BCB\12COMObj.rtf : 
	Table cell borders are not supported.
    HC3048: Warning: topic #14 of D:\Abbrevia\Help\BCB\12COMObj.rtf : 
	Nonscrolling region defined after scrolling region.
    HC3048: Warning: topic #15 of D:\Abbrevia\Help\BCB\12COMObj.rtf : 
	Nonscrolling region defined after scrolling region.
    HC3048: Warning: topic #16 of D:\Abbrevia\Help\BCB\12COMObj.rtf : 
	Nonscrolling region defined after scrolling region.
    HC3048: Warning: topic #17 of D:\Abbrevia\Help\BCB\12COMObj.rtf : 
	Nonscrolling region defined after scrolling region.
    HC3048: Warning: topic #18 of D:\Abbrevia\Help\BCB\12COMObj.rtf : 
	Nonscrolling region defined after scrolling region.
    HC3048: Warning: topic #19 of D:\Abbrevia\Help\BCB\12COMObj.rtf : 
	Nonscrolling region defined after scrolling region.
    HC3048: Warning: topic #20 of D:\Abbrevia\Help\BCB\12COMObj.rtf : 
	Nonscrolling region defined after scrolling region.
    HC3048: Warning: topic #21 of D:\Abbrevia\Help\BCB\12COMObj.rtf : 
	Nonscrolling region defined after scrolling region.
    HC3048: Warning: topic #22 of D:\Abbrevia\Help\BCB\12COMObj.rtf : 
	Nonscrolling region defined after scrolling region.
    HC3048: Warning: topic #23 of D:\Abbrevia\Help\BCB\12COMObj.rtf : 
	Nonscrolling region defined after scrolling region.
    HC3048: Warning: topic #24 of D:\Abbrevia\Help\BCB\12COMObj.rtf : 
	Nonscrolling region defined after scrolling region.
    HC3048: Warning: topic #25 of D:\Abbrevia\Help\BCB\12COMObj.rtf : 
	Nonscrolling region defined after scrolling region.
    HC3048: Warning: topic #26 of D:\Abbrevia\Help\BCB\12COMObj.rtf : 
	Nonscrolling region defined after scrolling region.
    HC3048: Warning: topic #28 of D:\Abbrevia\Help\BCB\12COMObj.rtf : 
	Nonscrolling region defined after scrolling region.
    HC1012: Note: topic #29 of D:\Abbrevia\Help\BCB\12COMObj.rtf : 
	Table cell borders are not supported.
    HC3048: Warning: topic #29 of D:\Abbrevia\Help\BCB\12COMObj.rtf : 
	Nonscrolling region defined after scrolling region.
    HC3048: Warning: topic #31 of D:\Abbrevia\Help\BCB\12COMObj.rtf : 
	Nonscrolling region defined after scrolling region.
    HC3048: Warning: topic #32 of D:\Abbrevia\Help\BCB\12COMObj.rtf : 
	Nonscrolling region defined after scrolling region.
    HC3048: Warning: topic #33 of D:\Abbrevia\Help\BCB\12COMObj.rtf : 
	Nonscrolling region defined after scrolling region.
    HC3048: Warning: topic #34 of D:\Abbrevia\Help\BCB\12COMObj.rtf : 
	Nonscrolling region defined after scrolling region.
    HC3048: Warning: topic #35 of D:\Abbrevia\Help\BCB\12COMObj.rtf : 
	Nonscrolling region defined after scrolling region.
    HC3048: Warning: topic #37 of D:\Abbrevia\Help\BCB\12COMObj.rtf : 
	Nonscrolling region defined after scrolling region.
    HC3048: Warning: topic #38 of D:\Abbrevia\Help\BCB\12COMObj.rtf : 
	Nonscrolling region defined after scrolling region.
    HC3048: Warning: topic #39 of D:\Abbrevia\Help\BCB\12COMObj.rtf : 
	Nonscrolling region defined after scrolling region.
    HC1012: Note: topic #40 of D:\Abbrevia\Help\BCB\12COMObj.rtf : 
	Table cell borders are not supported.
    HC3048: Warning: topic #40 of D:\Abbrevia\Help\BCB\12COMObj.rtf : 
	Nonscrolling region defined after scrolling region.
    HC1012: Note: topic #41 of D:\Abbrevia\Help\BCB\12COMObj.rtf : 
	Table cell borders are not supported.
    HC3048: Warning: topic #41 of D:\Abbrevia\Help\BCB\12COMObj.rtf : 
	Nonscrolling region defined after scrolling region.
    HC3048: Warning: topic #42 of D:\Abbrevia\Help\BCB\12COMObj.rtf : 
	Nonscrolling region defined after scrolling region.
    HC3048: Warning: topic #43 of D:\Abbrevia\Help\BCB\12COMObj.rtf : 
	Nonscrolling region defined after scrolling region.
    HC3048: Warning: topic #44 of D:\Abbrevia\Help\BCB\12COMObj.rtf : 
	Nonscrolling region defined after scrolling region.
    HC1012: Note: topic #45 of D:\Abbrevia\Help\BCB\12COMObj.rtf : 
	Table cell borders are not supported.
    HC3048: Warning: topic #45 of D:\Abbrevia\Help\BCB\12COMObj.rtf : 
	Nonscrolling region defined after scrolling region.
    HC3048: Warning: topic #46 of D:\Abbrevia\Help\BCB\12COMObj.rtf : 
	Nonscrolling region defined after scrolling region.
    HC3048: Warning: topic #47 of D:\Abbrevia\Help\BCB\12COMObj.rtf : 
	Nonscrolling region defined after scrolling region.
    HC1012: Note: topic #48 of D:\Abbrevia\Help\BCB\12COMObj.rtf : 
	Table cell borders are not supported.
    HC3048: Warning: topic #48 of D:\Abbrevia\Help\BCB\12COMObj.rtf : 
	Nonscrolling region defined after scrolling region.
    HC1012: Note: topic #49 of D:\Abbrevia\Help\BCB\12COMObj.rtf : 
	Table cell borders are not supported.
    HC3048: Warning: topic #49 of D:\Abbrevia\Help\BCB\12COMObj.rtf : 
	Nonscrolling region defined after scrolling region.
    HC1012: Note: topic #50 of D:\Abbrevia\Help\BCB\12COMObj.rtf : 
	Table cell borders are not supported.
    HC3048: Warning: topic #50 of D:\Abbrevia\Help\BCB\12COMObj.rtf : 
	Nonscrolling region defined after scrolling region.
    HC3048: Warning: topic #51 of D:\Abbrevia\Help\BCB\12COMObj.rtf : 
	Nonscrolling region defined after scrolling region.
    HC3048: Warning: topic #52 of D:\Abbrevia\Help\BCB\12COMObj.rtf : 
	Nonscrolling region defined after scrolling region.
    HC1012: Note: topic #53 of D:\Abbrevia\Help\BCB\12COMObj.rtf : 
	Table cell borders are not supported.
    HC3048: Warning: topic #53 of D:\Abbrevia\Help\BCB\12COMObj.rtf : 
	Nonscrolling region defined after scrolling region.
    HC1012: Note: topic #54 of D:\Abbrevia\Help\BCB\12COMObj.rtf : 
	Table cell borders are not supported.
    HC3048: Warning: topic #54 of D:\Abbrevia\Help\BCB\12COMObj.rtf : 
	Nonscrolling region defined after scrolling region.
    HC3048: Warning: topic #55 of D:\Abbrevia\Help\BCB\12COMObj.rtf : 
	Nonscrolling region defined after scrolling region.
    HC1012: Note: topic #55 of D:\Abbrevia\Help\BCB\12COMObj.rtf : 
	Table cell borders are not supported.
    HC3048: Warning: topic #56 of D:\Abbrevia\Help\BCB\12COMObj.rtf : 
	Nonscrolling region defined after scrolling region.
    HC1012: Note: topic #57 of D:\Abbrevia\Help\BCB\12COMObj.rtf : 
	Table cell borders are not supported.
    HC3048: Warning: topic #57 of D:\Abbrevia\Help\BCB\12COMObj.rtf : 
	Nonscrolling region defined after scrolling region.
    HC3048: Warning: topic #58 of D:\Abbrevia\Help\BCB\12COMObj.rtf : 
	Nonscrolling region defined after scrolling region.
    HC1012: Note: topic #59 of D:\Abbrevia\Help\BCB\12COMObj.rtf : 
	Table cell borders are not supported.
    HC3048: Warning: topic #59 of D:\Abbrevia\Help\BCB\12COMObj.rtf : 
	Nonscrolling region defined after scrolling region.
    HC1012: Note: topic #60 of D:\Abbrevia\Help\BCB\12COMObj.rtf : 
	Table cell borders are not supported.
    HC3048: Warning: topic #60 of D:\Abbrevia\Help\BCB\12COMObj.rtf : 
	Nonscrolling region defined after scrolling region.
    HC3048: Warning: topic #61 of D:\Abbrevia\Help\BCB\12COMObj.rtf : 
	Nonscrolling region defined after scrolling region.
    HC1012: Note: topic #62 of D:\Abbrevia\Help\BCB\12COMObj.rtf : 
	Table cell borders are not supported.
    HC3048: Warning: topic #62 of D:\Abbrevia\Help\BCB\12COMObj.rtf : 
	Nonscrolling region defined after scrolling region.
    HC1012: Note: topic #63 of D:\Abbrevia\Help\BCB\12COMObj.rtf : 
	Table cell borders are not supported.
    HC3048: Warning: topic #63 of D:\Abbrevia\Help\BCB\12COMObj.rtf : 
	Nonscrolling region defined after scrolling region.
    HC3048: Warning: topic #64 of D:\Abbrevia\Help\BCB\12COMObj.rtf : 
	Nonscrolling region defined after scrolling region.
    HC3048: Warning: topic #65 of D:\Abbrevia\Help\BCB\12COMObj.rtf : 
	Nonscrolling region defined after scrolling region.
    HC1012: Note: topic #66 of D:\Abbrevia\Help\BCB\12COMObj.rtf : 
	Table cell borders are not supported.
    HC3048: Warning: topic #66 of D:\Abbrevia\Help\BCB\12COMObj.rtf : 
	Nonscrolling region defined after scrolling region.
    HC1012: Note: topic #67 of D:\Abbrevia\Help\BCB\12COMObj.rtf : 
	Table cell borders are not supported.
    HC3048: Warning: topic #67 of D:\Abbrevia\Help\BCB\12COMObj.rtf : 
	Nonscrolling region defined after scrolling region.
    HC3048: Warning: topic #68 of D:\Abbrevia\Help\BCB\12COMObj.rtf : 
	Nonscrolling region defined after scrolling region.
    HC1012: Note: topic #69 of D:\Abbrevia\Help\BCB\12COMObj.rtf : 
	Table cell borders are not supported.
    HC3048: Warning: topic #69 of D:\Abbrevia\Help\BCB\12COMObj.rtf : 
	Nonscrolling region defined after scrolling region.
    HC1012: Note: topic #70 of D:\Abbrevia\Help\BCB\12COMObj.rtf : 
	Table cell borders are not supported.
    HC3048: Warning: topic #70 of D:\Abbrevia\Help\BCB\12COMObj.rtf : 
	Nonscrolling region defined after scrolling region.
    HC1012: Note: topic #71 of D:\Abbrevia\Help\BCB\12COMObj.rtf : 
	Table cell borders are not supported.
    HC3048: Warning: topic #71 of D:\Abbrevia\Help\BCB\12COMObj.rtf : 
	Nonscrolling region defined after scrolling region.
    HC3048: Warning: topic #72 of D:\Abbrevia\Help\BCB\12COMObj.rtf : 
	Nonscrolling region defined after scrolling region.
    HC1012: Note: topic #73 of D:\Abbrevia\Help\BCB\12COMObj.rtf : 
	Table cell borders are not supported.
    HC3048: Warning: topic #73 of D:\Abbrevia\Help\BCB\12COMObj.rtf : 
	Nonscrolling region defined after scrolling region.
    HC1012: Note: topic #74 of D:\Abbrevia\Help\BCB\12COMObj.rtf : 
	Table cell borders are not supported.
    HC3048: Warning: topic #74 of D:\Abbrevia\Help\BCB\12COMObj.rtf : 
	Nonscrolling region defined after scrolling region.
    HC1012: Note: topic #75 of D:\Abbrevia\Help\BCB\12COMObj.rtf : 
	Table cell borders are not supported.
    HC3048: Warning: topic #75 of D:\Abbrevia\Help\BCB\12COMObj.rtf : 
	Nonscrolling region defined after scrolling region.
    HC1012: Note: topic #76 of D:\Abbrevia\Help\BCB\12COMObj.rtf : 
	Table cell borders are not supported.
    HC3048: Warning: topic #76 of D:\Abbrevia\Help\BCB\12COMObj.rtf : 
	Nonscrolling region defined after scrolling region.
    HC1012: Note: topic #77 of D:\Abbrevia\Help\BCB\12COMObj.rtf : 
	Table cell borders are not supported.
    HC3048: Warning: topic #77 of D:\Abbrevia\Help\BCB\12COMObj.rtf : 
	Nonscrolling region defined after scrolling region.
    HC1012: Note: topic #78 of D:\Abbrevia\Help\BCB\12COMObj.rtf : 
	Table cell borders are not supported.
    HC3048: Warning: topic #78 of D:\Abbrevia\Help\BCB\12COMObj.rtf : 
	Nonscrolling region defined after scrolling region.
    HC3048: Warning: topic #79 of D:\Abbrevia\Help\BCB\12COMObj.rtf : 
	Nonscrolling region defined after scrolling region.
    HC3048: Warning: topic #80 of D:\Abbrevia\Help\BCB\12COMObj.rtf : 
	Nonscrolling region defined after scrolling region.
    HC3048: Warning: topic #81 of D:\Abbrevia\Help\BCB\12COMObj.rtf : 
	Nonscrolling region defined after scrolling region.
    HC1012: Note: topic #82 of D:\Abbrevia\Help\BCB\12COMObj.rtf : 
	Table cell borders are not supported.
    HC3048: Warning: topic #82 of D:\Abbrevia\Help\BCB\12COMObj.rtf : 
	Nonscrolling region defined after scrolling region.
    HC3048: Warning: topic #83 of D:\Abbrevia\Help\BCB\12COMObj.rtf : 
	Nonscrolling region defined after scrolling region.
    HC3048: Warning: topic #84 of D:\Abbrevia\Help\BCB\12COMObj.rtf : 
	Nonscrolling region defined after scrolling region.
    HC3048: Warning: topic #85 of D:\Abbrevia\Help\BCB\12COMObj.rtf : 
	Nonscrolling region defined after scrolling region.
    HC3048: Warning: topic #86 of D:\Abbrevia\Help\BCB\12COMObj.rtf : 
	Nonscrolling region defined after scrolling region.
    HC1012: Note: topic #86 of D:\Abbrevia\Help\BCB\12COMObj.rtf : 
	Table cell borders are not supported.
    HC1012: Note: topic #87 of D:\Abbrevia\Help\BCB\12COMObj.rtf : 
	Table cell borders are not supported.
    HC3048: Warning: topic #87 of D:\Abbrevia\Help\BCB\12COMObj.rtf : 
	Nonscrolling region defined after scrolling region.
    HC3048: Warning: topic #88 of D:\Abbrevia\Help\BCB\12COMObj.rtf : 
	Nonscrolling region defined after scrolling region.
    HC3048: Warning: topic #89 of D:\Abbrevia\Help\BCB\12COMObj.rtf : 
	Nonscrolling region defined after scrolling region.
    HC3048: Warning: topic #90 of D:\Abbrevia\Help\BCB\12COMObj.rtf : 
	Nonscrolling region defined after scrolling region.
    HC1012: Note: topic #91 of D:\Abbrevia\Help\BCB\12COMObj.rtf : 
	Table cell borders are not supported.
    HC3048: Warning: topic #91 of D:\Abbrevia\Help\BCB\12COMObj.rtf : 
	Nonscrolling region defined after scrolling region.
    HC3048: Warning: topic #92 of D:\Abbrevia\Help\BCB\12COMObj.rtf : 
	Nonscrolling region defined after scrolling region.
    HC3048: Warning: topic #5 of D:\Abbrevia\Help\BCB\6CABComp.rtf : 
	Nonscrolling region defined after scrolling region.
    HC3048: Warning: topic #6 of D:\Abbrevia\Help\BCB\6CABComp.rtf : 
	Nonscrolling region defined after scrolling region.
    HC3048: Warning: topic #8 of D:\Abbrevia\Help\BCB\6CABComp.rtf : 
	Nonscrolling region defined after scrolling region.
    HC3048: Warning: topic #9 of D:\Abbrevia\Help\BCB\6CABComp.rtf : 
	Nonscrolling region defined after scrolling region.
    HC3048: Warning: topic #10 of D:\Abbrevia\Help\BCB\6CABComp.rtf : 
	Nonscrolling region defined after scrolling region.
    HC3048: Warning: topic #11 of D:\Abbrevia\Help\BCB\6CABComp.rtf : 
	Nonscrolling region defined after scrolling region.
    HC3048: Warning: topic #12 of D:\Abbrevia\Help\BCB\6CABComp.rtf : 
	Nonscrolling region defined after scrolling region.
    HC3048: Warning: topic #13 of D:\Abbrevia\Help\BCB\6CABComp.rtf : 
	Nonscrolling region defined after scrolling region.
    HC3048: Warning: topic #14 of D:\Abbrevia\Help\BCB\6CABComp.rtf : 
	Nonscrolling region defined after scrolling region.
    HC3048: Warning: topic #19 of D:\Abbrevia\Help\BCB\6CABComp.rtf : 
	Nonscrolling region defined after scrolling region.
    HC3048: Warning: topic #20 of D:\Abbrevia\Help\BCB\6CABComp.rtf : 
	Nonscrolling region defined after scrolling region.
    HC3048: Warning: topic #22 of D:\Abbrevia\Help\BCB\6CABComp.rtf : 
	Nonscrolling region defined after scrolling region.
    HC3048: Warning: topic #23 of D:\Abbrevia\Help\BCB\6CABComp.rtf : 
	Nonscrolling region defined after scrolling region.
    HC1012: Note: topic #23 of D:\Abbrevia\Help\BCB\6CABComp.rtf : 
	Table cell borders are not supported.
    HC3048: Warning: topic #24 of D:\Abbrevia\Help\BCB\6CABComp.rtf : 
	Nonscrolling region defined after scrolling region.
    HC3048: Warning: topic #25 of D:\Abbrevia\Help\BCB\6CABComp.rtf : 
	Nonscrolling region defined after scrolling region.
    HC1012: Note: topic #25 of D:\Abbrevia\Help\BCB\6CABComp.rtf : 
	Table cell borders are not supported.
    HC3048: Warning: topic #26 of D:\Abbrevia\Help\BCB\6CABComp.rtf : 
	Nonscrolling region defined after scrolling region.
    HC3048: Warning: topic #27 of D:\Abbrevia\Help\BCB\6CABComp.rtf : 
	Nonscrolling region defined after scrolling region.
    HC3048: Warning: topic #32 of D:\Abbrevia\Help\BCB\6CABComp.rtf : 
	Nonscrolling region defined after scrolling region.
    HC3048: Warning: topic #33 of D:\Abbrevia\Help\BCB\6CABComp.rtf : 
	Nonscrolling region defined after scrolling region.
    HC3048: Warning: topic #34 of D:\Abbrevia\Help\BCB\6CABComp.rtf : 
	Nonscrolling region defined after scrolling region.
    HC1012: Note: topic #35 of D:\Abbrevia\Help\BCB\6CABComp.rtf : 
	Table cell borders are not supported.
    HC3048: Warning: topic #35 of D:\Abbrevia\Help\BCB\6CABComp.rtf : 
	Nonscrolling region defined after scrolling region.
    HC3048: Warning: topic #36 of D:\Abbrevia\Help\BCB\6CABComp.rtf : 
	Nonscrolling region defined after scrolling region.
    HC3048: Warning: topic #37 of D:\Abbrevia\Help\BCB\6CABComp.rtf : 
	Nonscrolling region defined after scrolling region.
    HC3048: Warning: topic #38 of D:\Abbrevia\Help\BCB\6CABComp.rtf : 
	Nonscrolling region defined after scrolling region.
    HC1012: Note: topic #39 of D:\Abbrevia\Help\BCB\6CABComp.rtf : 
	Table cell borders are not supported.
    HC3048: Warning: topic #39 of D:\Abbrevia\Help\BCB\6CABComp.rtf : 
	Nonscrolling region defined after scrolling region.
    HC3048: Warning: topic #40 of D:\Abbrevia\Help\BCB\6CABComp.rtf : 
	Nonscrolling region defined after scrolling region.
    HC3048: Warning: topic #41 of D:\Abbrevia\Help\BCB\6CABComp.rtf : 
	Nonscrolling region defined after scrolling region.
    HC3048: Warning: topic #42 of D:\Abbrevia\Help\BCB\6CABComp.rtf : 
	Nonscrolling region defined after scrolling region.
    HC1012: Note: topic #43 of D:\Abbrevia\Help\BCB\6CABComp.rtf : 
	Table cell borders are not supported.
    HC3048: Warning: topic #43 of D:\Abbrevia\Help\BCB\6CABComp.rtf : 
	Nonscrolling region defined after scrolling region.
    HC3048: Warning: topic #48 of D:\Abbrevia\Help\BCB\6CABComp.rtf : 
	Nonscrolling region defined after scrolling region.
    HC3048: Warning: topic #49 of D:\Abbrevia\Help\BCB\6CABComp.rtf : 
	Nonscrolling region defined after scrolling region.
    HC3048: Warning: topic #50 of D:\Abbrevia\Help\BCB\6CABComp.rtf : 
	Nonscrolling region defined after scrolling region.
    HC3048: Warning: topic #51 of D:\Abbrevia\Help\BCB\6CABComp.rtf : 
	Nonscrolling region defined after scrolling region.
    HC3048: Warning: topic #52 of D:\Abbrevia\Help\BCB\6CABComp.rtf : 
	Nonscrolling region defined after scrolling region.
    HC1012: Note: topic #52 of D:\Abbrevia\Help\BCB\6CABComp.rtf : 
	Table cell borders are not supported.
    HC3048: Warning: topic #53 of D:\Abbrevia\Help\BCB\6CABComp.rtf : 
	Nonscrolling region defined after scrolling region.
    HC3048: Warning: topic #54 of D:\Abbrevia\Help\BCB\6CABComp.rtf : 
	Nonscrolling region defined after scrolling region.
    HC1012: Note: topic #54 of D:\Abbrevia\Help\BCB\6CABComp.rtf : 
	Table cell borders are not supported.
    HC3048: Warning: topic #55 of D:\Abbrevia\Help\BCB\6CABComp.rtf : 
	Nonscrolling region defined after scrolling region.
    HC3048: Warning: topic #56 of D:\Abbrevia\Help\BCB\6CABComp.rtf : 
	Nonscrolling region defined after scrolling region.
    HC3048: Warning: topic #3 of D:\Abbrevia\Help\BCB\9CompoundFiles.rtf : 
	Nonscrolling region defined after scrolling region.
    HC3048: Warning: topic #4 of D:\Abbrevia\Help\BCB\9CompoundFiles.rtf : 
	Nonscrolling region defined after scrolling region.
    HC3048: Warning: topic #6 of D:\Abbrevia\Help\BCB\9CompoundFiles.rtf : 
	Nonscrolling region defined after scrolling region.
    HC3048: Warning: topic #7 of D:\Abbrevia\Help\BCB\9CompoundFiles.rtf : 
	Nonscrolling region defined after scrolling region.
    HC3048: Warning: topic #8 of D:\Abbrevia\Help\BCB\9CompoundFiles.rtf : 
	Nonscrolling region defined after scrolling region.
    HC1012: Note: topic #8 of D:\Abbrevia\Help\BCB\9CompoundFiles.rtf : 
	Table cell borders are not supported.
    HC3048: Warning: topic #9 of D:\Abbrevia\Help\BCB\9CompoundFiles.rtf : 
	Nonscrolling region defined after scrolling region.
    HC3048: Warning: topic #10 of D:\Abbrevia\Help\BCB\9CompoundFiles.rtf : 
	Nonscrolling region defined after scrolling region.
    HC3048: Warning: topic #11 of D:\Abbrevia\Help\BCB\9CompoundFiles.rtf : 
	Nonscrolling region defined after scrolling region.
    HC3048: Warning: topic #12 of D:\Abbrevia\Help\BCB\9CompoundFiles.rtf : 
	Nonscrolling region defined after scrolling region.
    HC3048: Warning: topic #13 of D:\Abbrevia\Help\BCB\9CompoundFiles.rtf : 
	Nonscrolling region defined after scrolling region.
    HC3048: Warning: topic #14 of D:\Abbrevia\Help\BCB\9CompoundFiles.rtf : 
	Nonscrolling region defined after scrolling region.
    HC3048: Warning: topic #15 of D:\Abbrevia\Help\BCB\9CompoundFiles.rtf : 
	Nonscrolling region defined after scrolling region.
    HC3048: Warning: topic #16 of D:\Abbrevia\Help\BCB\9CompoundFiles.rtf : 
	Nonscrolling region defined after scrolling region.
    HC3048: Warning: topic #17 of D:\Abbrevia\Help\BCB\9CompoundFiles.rtf : 
	Nonscrolling region defined after scrolling region.
    HC3048: Warning: topic #18 of D:\Abbrevia\Help\BCB\9CompoundFiles.rtf : 
	Nonscrolling region defined after scrolling region.
    HC3048: Warning: topic #19 of D:\Abbrevia\Help\BCB\9CompoundFiles.rtf : 
	Nonscrolling region defined after scrolling region.
    HC3048: Warning: topic #20 of D:\Abbrevia\Help\BCB\9CompoundFiles.rtf : 
	Nonscrolling region defined after scrolling region.
    HC3048: Warning: topic #21 of D:\Abbrevia\Help\BCB\9CompoundFiles.rtf : 
	Nonscrolling region defined after scrolling region.
    HC3048: Warning: topic #22 of D:\Abbrevia\Help\BCB\9CompoundFiles.rtf : 
	Nonscrolling region defined after scrolling region.
    HC3048: Warning: topic #23 of D:\Abbrevia\Help\BCB\9CompoundFiles.rtf : 
	Nonscrolling region defined after scrolling region.
    HC3048: Warning: topic #24 of D:\Abbrevia\Help\BCB\9CompoundFiles.rtf : 
	Nonscrolling region defined after scrolling region.
    HC3048: Warning: topic #25 of D:\Abbrevia\Help\BCB\9CompoundFiles.rtf : 
	Nonscrolling region defined after scrolling region.
    HC3048: Warning: topic #26 of D:\Abbrevia\Help\BCB\9CompoundFiles.rtf : 
	Nonscrolling region defined after scrolling region.
    HC3048: Warning: topic #27 of D:\Abbrevia\Help\BCB\9CompoundFiles.rtf : 
	Nonscrolling region defined after scrolling region.
    HC3048: Warning: topic #28 of D:\Abbrevia\Help\BCB\9CompoundFiles.rtf : 
	Nonscrolling region defined after scrolling region.
    HC3048: Warning: topic #29 of D:\Abbrevia\Help\BCB\9CompoundFiles.rtf : 
	Nonscrolling region defined after scrolling region.
    HC3048: Warning: topic #30 of D:\Abbrevia\Help\BCB\9CompoundFiles.rtf : 
	Nonscrolling region defined after scrolling region.
    HC3048: Warning: topic #3 of D:\Abbrevia\Help\BCB\ch10lowlevel.rtf : 
	Nonscrolling region defined after scrolling region.
    HC3048: Warning: topic #4 of D:\Abbrevia\Help\BCB\ch10lowlevel.rtf : 
	Nonscrolling region defined after scrolling region.
    HC3048: Warning: topic #5 of D:\Abbrevia\Help\BCB\ch10lowlevel.rtf : 
	Nonscrolling region defined after scrolling region.
    HC3048: Warning: topic #6 of D:\Abbrevia\Help\BCB\ch10lowlevel.rtf : 
	Nonscrolling region defined after scrolling region.
    HC3048: Warning: topic #7 of D:\Abbrevia\Help\BCB\ch10lowlevel.rtf : 
	Nonscrolling region defined after scrolling region.
    HC3048: Warning: topic #8 of D:\Abbrevia\Help\BCB\ch10lowlevel.rtf : 
	Nonscrolling region defined after scrolling region.
    HC3048: Warning: topic #9 of D:\Abbrevia\Help\BCB\ch10lowlevel.rtf : 
	Nonscrolling region defined after scrolling region.
    HC3048: Warning: topic #10 of D:\Abbrevia\Help\BCB\ch10lowlevel.rtf : 
	Nonscrolling region defined after scrolling region.
    HC3048: Warning: topic #11 of D:\Abbrevia\Help\BCB\ch10lowlevel.rtf : 
	Nonscrolling region defined after scrolling region.
    HC3048: Warning: topic #12 of D:\Abbrevia\Help\BCB\ch10lowlevel.rtf : 
	Nonscrolling region defined after scrolling region.
    HC3048: Warning: topic #13 of D:\Abbrevia\Help\BCB\ch10lowlevel.rtf : 
	Nonscrolling region defined after scrolling region.
    HC3048: Warning: topic #14 of D:\Abbrevia\Help\BCB\ch10lowlevel.rtf : 
	Nonscrolling region defined after scrolling region.
    HC3048: Warning: topic #15 of D:\Abbrevia\Help\BCB\ch10lowlevel.rtf : 
	Nonscrolling region defined after scrolling region.
    HC3048: Warning: topic #16 of D:\Abbrevia\Help\BCB\ch10lowlevel.rtf : 
	Nonscrolling region defined after scrolling region.
    HC3048: Warning: topic #17 of D:\Abbrevia\Help\BCB\ch10lowlevel.rtf : 
	Nonscrolling region defined after scrolling region.
    HC3048: Warning: topic #18 of D:\Abbrevia\Help\BCB\ch10lowlevel.rtf : 
	Nonscrolling region defined after scrolling region.
    HC3048: Warning: topic #19 of D:\Abbrevia\Help\BCB\ch10lowlevel.rtf : 
	Nonscrolling region defined after scrolling region.
    HC3048: Warning: topic #20 of D:\Abbrevia\Help\BCB\ch10lowlevel.rtf : 
	Nonscrolling region defined after scrolling region.
    HC3048: Warning: topic #23 of D:\Abbrevia\Help\BCB\ch10lowlevel.rtf : 
	Nonscrolling region defined after scrolling region.
    HC3048: Warning: topic #24 of D:\Abbrevia\Help\BCB\ch10lowlevel.rtf : 
	Nonscrolling region defined after scrolling region.
    HC3048: Warning: topic #25 of D:\Abbrevia\Help\BCB\ch10lowlevel.rtf : 
	Nonscrolling region defined after scrolling region.
    HC3048: Warning: topic #26 of D:\Abbrevia\Help\BCB\ch10lowlevel.rtf : 
	Nonscrolling region defined after scrolling region.
    HC3048: Warning: topic #27 of D:\Abbrevia\Help\BCB\ch10lowlevel.rtf : 
	Nonscrolling region defined after scrolling region.
    HC1012: Note: topic #27 of D:\Abbrevia\Help\BCB\ch10lowlevel.rtf : 
	Table cell borders are not supported.
    HC3048: Warning: topic #28 of D:\Abbrevia\Help\BCB\ch10lowlevel.rtf : 
	Nonscrolling region defined after scrolling region.
    HC3048: Warning: topic #29 of D:\Abbrevia\Help\BCB\ch10lowlevel.rtf : 
	Nonscrolling region defined after scrolling region.
    HC3048: Warning: topic #30 of D:\Abbrevia\Help\BCB\ch10lowlevel.rtf : 
	Nonscrolling region defined after scrolling region.
    HC3048: Warning: topic #31 of D:\Abbrevia\Help\BCB\ch10lowlevel.rtf : 
	Nonscrolling region defined after scrolling region.
    HC3048: Warning: topic #32 of D:\Abbrevia\Help\BCB\ch10lowlevel.rtf : 
	Nonscrolling region defined after scrolling region.
    HC3048: Warning: topic #33 of D:\Abbrevia\Help\BCB\ch10lowlevel.rtf : 
	Nonscrolling region defined after scrolling region.
    HC3048: Warning: topic #34 of D:\Abbrevia\Help\BCB\ch10lowlevel.rtf : 
	Nonscrolling region defined after scrolling region.
    HC3048: Warning: topic #35 of D:\Abbrevia\Help\BCB\ch10lowlevel.rtf : 
	Nonscrolling region defined after scrolling region.
    HC3048: Warning: topic #36 of D:\Abbrevia\Help\BCB\ch10lowlevel.rtf : 
	Nonscrolling region defined after scrolling region.
    HC3048: Warning: topic #37 of D:\Abbrevia\Help\BCB\ch10lowlevel.rtf : 
	Nonscrolling region defined after scrolling region.
    HC3048: Warning: topic #38 of D:\Abbrevia\Help\BCB\ch10lowlevel.rtf : 
	Nonscrolling region defined after scrolling region.
    HC3048: Warning: topic #39 of D:\Abbrevia\Help\BCB\ch10lowlevel.rtf : 
	Nonscrolling region defined after scrolling region.
    HC3048: Warning: topic #40 of D:\Abbrevia\Help\BCB\ch10lowlevel.rtf : 
	Nonscrolling region defined after scrolling region.
    HC3048: Warning: topic #41 of D:\Abbrevia\Help\BCB\ch10lowlevel.rtf : 
	Nonscrolling region defined after scrolling region.
    HC3048: Warning: topic #42 of D:\Abbrevia\Help\BCB\ch10lowlevel.rtf : 
	Nonscrolling region defined after scrolling region.
    HC3048: Warning: topic #43 of D:\Abbrevia\Help\BCB\ch10lowlevel.rtf : 
	Nonscrolling region defined after scrolling region.
    HC3048: Warning: topic #44 of D:\Abbrevia\Help\BCB\ch10lowlevel.rtf : 
	Nonscrolling region defined after scrolling region.
    HC3048: Warning: topic #45 of D:\Abbrevia\Help\BCB\ch10lowlevel.rtf : 
	Nonscrolling region defined after scrolling region.
    HC3048: Warning: topic #46 of D:\Abbrevia\Help\BCB\ch10lowlevel.rtf : 
	Nonscrolling region defined after scrolling region.
    HC1012: Note: topic #46 of D:\Abbrevia\Help\BCB\ch10lowlevel.rtf : 
	Table cell borders are not supported.
    HC3048: Warning: topic #47 of D:\Abbrevia\Help\BCB\ch10lowlevel.rtf : 
	Nonscrolling region defined after scrolling region.
    HC3048: Warning: topic #48 of D:\Abbrevia\Help\BCB\ch10lowlevel.rtf : 
	Nonscrolling region defined after scrolling region.
    HC1012: Note: topic #48 of D:\Abbrevia\Help\BCB\ch10lowlevel.rtf : 
	Table cell borders are not supported.
    HC3048: Warning: topic #49 of D:\Abbrevia\Help\BCB\ch10lowlevel.rtf : 
	Nonscrolling region defined after scrolling region.
    HC3048: Warning: topic #50 of D:\Abbrevia\Help\BCB\ch10lowlevel.rtf : 
	Nonscrolling region defined after scrolling region.
    HC3048: Warning: topic #51 of D:\Abbrevia\Help\BCB\ch10lowlevel.rtf : 
	Nonscrolling region defined after scrolling region.
    HC3048: Warning: topic #52 of D:\Abbrevia\Help\BCB\ch10lowlevel.rtf : 
	Nonscrolling region defined after scrolling region.
    HC3048: Warning: topic #53 of D:\Abbrevia\Help\BCB\ch10lowlevel.rtf : 
	Nonscrolling region defined after scrolling region.
    HC3048: Warning: topic #54 of D:\Abbrevia\Help\BCB\ch10lowlevel.rtf : 
	Nonscrolling region defined after scrolling region.
    HC1012: Note: topic #54 of D:\Abbrevia\Help\BCB\ch10lowlevel.rtf : 
	Table cell borders are not supported.
    HC3048: Warning: topic #55 of D:\Abbrevia\Help\BCB\ch10lowlevel.rtf : 
	Nonscrolling region defined after scrolling region.
    HC3048: Warning: topic #56 of D:\Abbrevia\Help\BCB\ch10lowlevel.rtf : 
	Nonscrolling region defined after scrolling region.
    HC3048: Warning: topic #57 of D:\Abbrevia\Help\BCB\ch10lowlevel.rtf : 
	Nonscrolling region defined after scrolling region.
    HC3048: Warning: topic #58 of D:\Abbrevia\Help\BCB\ch10lowlevel.rtf : 
	Nonscrolling region defined after scrolling region.
    HC3048: Warning: topic #59 of D:\Abbrevia\Help\BCB\ch10lowlevel.rtf : 
	Nonscrolling region defined after scrolling region.
    HC3048: Warning: topic #60 of D:\Abbrevia\Help\BCB\ch10lowlevel.rtf : 
	Nonscrolling region defined after scrolling region.
    HC3048: Warning: topic #61 of D:\Abbrevia\Help\BCB\ch10lowlevel.rtf : 
	Nonscrolling region defined after scrolling region.
    HC3048: Warning: topic #62 of D:\Abbrevia\Help\BCB\ch10lowlevel.rtf : 
	Nonscrolling region defined after scrolling region.
    HC3048: Warning: topic #63 of D:\Abbrevia\Help\BCB\ch10lowlevel.rtf : 
	Nonscrolling region defined after scrolling region.
    HC3048: Warning: topic #64 of D:\Abbrevia\Help\BCB\ch10lowlevel.rtf : 
	Nonscrolling region defined after scrolling region.
    HC3048: Warning: topic #65 of D:\Abbrevia\Help\BCB\ch10lowlevel.rtf : 
	Nonscrolling region defined after scrolling region.
    HC3048: Warning: topic #66 of D:\Abbrevia\Help\BCB\ch10lowlevel.rtf : 
	Nonscrolling region defined after scrolling region.
    HC3048: Warning: topic #67 of D:\Abbrevia\Help\BCB\ch10lowlevel.rtf : 
	Nonscrolling region defined after scrolling region.
    HC3048: Warning: topic #68 of D:\Abbrevia\Help\BCB\ch10lowlevel.rtf : 
	Nonscrolling region defined after scrolling region.
    HC3048: Warning: topic #69 of D:\Abbrevia\Help\BCB\ch10lowlevel.rtf : 
	Nonscrolling region defined after scrolling region.
    HC1012: Note: topic #69 of D:\Abbrevia\Help\BCB\ch10lowlevel.rtf : 
	Table cell borders are not supported.
    HC3048: Warning: topic #70 of D:\Abbrevia\Help\BCB\ch10lowlevel.rtf : 
	Nonscrolling region defined after scrolling region.
    HC3048: Warning: topic #71 of D:\Abbrevia\Help\BCB\ch10lowlevel.rtf : 
	Nonscrolling region defined after scrolling region.
    HC3048: Warning: topic #72 of D:\Abbrevia\Help\BCB\ch10lowlevel.rtf : 
	Nonscrolling region defined after scrolling region.
    HC3048: Warning: topic #73 of D:\Abbrevia\Help\BCB\ch10lowlevel.rtf : 
	Nonscrolling region defined after scrolling region.
    HC3048: Warning: topic #74 of D:\Abbrevia\Help\BCB\ch10lowlevel.rtf : 
	Nonscrolling region defined after scrolling region.
    HC3048: Warning: topic #75 of D:\Abbrevia\Help\BCB\ch10lowlevel.rtf : 
	Nonscrolling region defined after scrolling region.
    HC3048: Warning: topic #76 of D:\Abbrevia\Help\BCB\ch10lowlevel.rtf : 
	Nonscrolling region defined after scrolling region.
    HC1012: Note: topic #77 of D:\Abbrevia\Help\BCB\ch10lowlevel.rtf : 
	Table cell borders are not supported.
    HC3048: Warning: topic #77 of D:\Abbrevia\Help\BCB\ch10lowlevel.rtf : 
	Nonscrolling region defined after scrolling region.
    HC3048: Warning: topic #78 of D:\Abbrevia\Help\BCB\ch10lowlevel.rtf : 
	Nonscrolling region defined after scrolling region.
    HC3048: Warning: topic #79 of D:\Abbrevia\Help\BCB\ch10lowlevel.rtf : 
	Nonscrolling region defined after scrolling region.
    HC3048: Warning: topic #80 of D:\Abbrevia\Help\BCB\ch10lowlevel.rtf : 
	Nonscrolling region defined after scrolling region.
    HC3048: Warning: topic #81 of D:\Abbrevia\Help\BCB\ch10lowlevel.rtf : 
	Nonscrolling region defined after scrolling region.
    HC3048: Warning: topic #84 of D:\Abbrevia\Help\BCB\ch10lowlevel.rtf : 
	Nonscrolling region defined after scrolling region.
    HC3048: Warning: topic #85 of D:\Abbrevia\Help\BCB\ch10lowlevel.rtf : 
	Nonscrolling region defined after scrolling region.
    HC3048: Warning: topic #86 of D:\Abbrevia\Help\BCB\ch10lowlevel.rtf : 
	Nonscrolling region defined after scrolling region.
    HC3048: Warning: topic #87 of D:\Abbrevia\Help\BCB\ch10lowlevel.rtf : 
	Nonscrolling region defined after scrolling region.
    HC3048: Warning: topic #88 of D:\Abbrevia\Help\BCB\ch10lowlevel.rtf : 
	Nonscrolling region defined after scrolling region.
    HC3048: Warning: topic #89 of D:\Abbrevia\Help\BCB\ch10lowlevel.rtf : 
	Nonscrolling region defined after scrolling region.
    HC3048: Warning: topic #90 of D:\Abbrevia\Help\BCB\ch10lowlevel.rtf : 
	Nonscrolling region defined after scrolling region.
    HC3048: Warning: topic #91 of D:\Abbrevia\Help\BCB\ch10lowlevel.rtf : 
	Nonscrolling region defined after scrolling region.
    HC3048: Warning: topic #92 of D:\Abbrevia\Help\BCB\ch10lowlevel.rtf : 
	Nonscrolling region defined after scrolling region.
    HC3048: Warning: topic #93 of D:\Abbrevia\Help\BCB\ch10lowlevel.rtf : 
	Nonscrolling region defined after scrolling region.
    HC3048: Warning: topic #94 of D:\Abbrevia\Help\BCB\ch10lowlevel.rtf : 
	Nonscrolling region defined after scrolling region.
    HC3048: Warning: topic #99 of D:\Abbrevia\Help\BCB\ch10lowlevel.rtf : 
	Nonscrolling region defined after scrolling region.
    HC3048: Warning: topic #100 of D:\Abbrevia\Help\BCB\ch10lowlevel.rtf : 
	Nonscrolling region defined after scrolling region.
    HC3048: Warning: topic #101 of D:\Abbrevia\Help\BCB\ch10lowlevel.rtf : 
	Nonscrolling region defined after scrolling region.
    HC3048: Warning: topic #102 of D:\Abbrevia\Help\BCB\ch10lowlevel.rtf : 
	Nonscrolling region defined after scrolling region.
    HC3048: Warning: topic #103 of D:\Abbrevia\Help\BCB\ch10lowlevel.rtf : 
	Nonscrolling region defined after scrolling region.
    HC3048: Warning: topic #104 of D:\Abbrevia\Help\BCB\ch10lowlevel.rtf : 
	Nonscrolling region defined after scrolling region.
    HC3048: Warning: topic #105 of D:\Abbrevia\Help\BCB\ch10lowlevel.rtf : 
	Nonscrolling region defined after scrolling region.
    HC3048: Warning: topic #106 of D:\Abbrevia\Help\BCB\ch10lowlevel.rtf : 
	Nonscrolling region defined after scrolling region.
    HC3048: Warning: topic #107 of D:\Abbrevia\Help\BCB\ch10lowlevel.rtf : 
	Nonscrolling region defined after scrolling region.
    HC3048: Warning: topic #108 of D:\Abbrevia\Help\BCB\ch10lowlevel.rtf : 
	Nonscrolling region defined after scrolling region.
    HC3048: Warning: topic #109 of D:\Abbrevia\Help\BCB\ch10lowlevel.rtf : 
	Nonscrolling region defined after scrolling region.
    HC3048: Warning: topic #110 of D:\Abbrevia\Help\BCB\ch10lowlevel.rtf : 
	Nonscrolling region defined after scrolling region.
    HC3048: Warning: topic #111 of D:\Abbrevia\Help\BCB\ch10lowlevel.rtf : 
	Nonscrolling region defined after scrolling region.
    HC3048: Warning: topic #112 of D:\Abbrevia\Help\BCB\ch10lowlevel.rtf : 
	Nonscrolling region defined after scrolling region.
    HC3048: Warning: topic #116 of D:\Abbrevia\Help\BCB\ch10lowlevel.rtf : 
	Nonscrolling region defined after scrolling region.
    HC3048: Warning: topic #117 of D:\Abbrevia\Help\BCB\ch10lowlevel.rtf : 
	Nonscrolling region defined after scrolling region.
    HC1012: Note: topic #118 of D:\Abbrevia\Help\BCB\ch10lowlevel.rtf : 
	Table cell borders are not supported.
    HC3048: Warning: topic #118 of D:\Abbrevia\Help\BCB\ch10lowlevel.rtf : 
	Nonscrolling region defined after scrolling region.
    HC3048: Warning: topic #119 of D:\Abbrevia\Help\BCB\ch10lowlevel.rtf : 
	Nonscrolling region defined after scrolling region.
    HC3048: Warning: topic #120 of D:\Abbrevia\Help\BCB\ch10lowlevel.rtf : 
	Nonscrolling region defined after scrolling region.
    HC3048: Warning: topic #121 of D:\Abbrevia\Help\BCB\ch10lowlevel.rtf : 
	Nonscrolling region defined after scrolling region.
    HC3048: Warning: topic #122 of D:\Abbrevia\Help\BCB\ch10lowlevel.rtf : 
	Nonscrolling region defined after scrolling region.
    HC3048: Warning: topic #123 of D:\Abbrevia\Help\BCB\ch10lowlevel.rtf : 
	Nonscrolling region defined after scrolling region.
    HC3048: Warning: topic #124 of D:\Abbrevia\Help\BCB\ch10lowlevel.rtf : 
	Nonscrolling region defined after scrolling region.
    HC3048: Warning: topic #125 of D:\Abbrevia\Help\BCB\ch10lowlevel.rtf : 
	Nonscrolling region defined after scrolling region.
    HC3048: Warning: topic #126 of D:\Abbrevia\Help\BCB\ch10lowlevel.rtf : 
	Nonscrolling region defined after scrolling region.
    HC3048: Warning: topic #127 of D:\Abbrevia\Help\BCB\ch10lowlevel.rtf : 
	Nonscrolling region defined after scrolling region.
    HC3048: Warning: topic #128 of D:\Abbrevia\Help\BCB\ch10lowlevel.rtf : 
	Nonscrolling region defined after scrolling region.
    HC3048: Warning: topic #129 of D:\Abbrevia\Help\BCB\ch10lowlevel.rtf : 
	Nonscrolling region defined after scrolling region.
    HC3048: Warning: topic #130 of D:\Abbrevia\Help\BCB\ch10lowlevel.rtf : 
	Nonscrolling region defined after scrolling region.
    HC3048: Warning: topic #131 of D:\Abbrevia\Help\BCB\ch10lowlevel.rtf : 
	Nonscrolling region defined after scrolling region.
    HC3048: Warning: topic #132 of D:\Abbrevia\Help\BCB\ch10lowlevel.rtf : 
	Nonscrolling region defined after scrolling region.
    HC3048: Warning: topic #133 of D:\Abbrevia\Help\BCB\ch10lowlevel.rtf : 
	Nonscrolling region defined after scrolling region.
    HC3048: Warning: topic #138 of D:\Abbrevia\Help\BCB\ch10lowlevel.rtf : 
	Nonscrolling region defined after scrolling region.
    HC3048: Warning: topic #140 of D:\Abbrevia\Help\BCB\ch10lowlevel.rtf : 
	Nonscrolling region defined after scrolling region.
    HC3048: Warning: topic #141 of D:\Abbrevia\Help\BCB\ch10lowlevel.rtf : 
	Nonscrolling region defined after scrolling region.
    HC3048: Warning: topic #142 of D:\Abbrevia\Help\BCB\ch10lowlevel.rtf : 
	Nonscrolling region defined after scrolling region.
    HC3048: Warning: topic #143 of D:\Abbrevia\Help\BCB\ch10lowlevel.rtf : 
	Nonscrolling region defined after scrolling region.
    HC1012: Note: topic #144 of D:\Abbrevia\Help\BCB\ch10lowlevel.rtf : 
	Table cell borders are not supported.
    HC3048: Warning: topic #144 of D:\Abbrevia\Help\BCB\ch10lowlevel.rtf : 
	Nonscrolling region defined after scrolling region.
    HC3048: Warning: topic #145 of D:\Abbrevia\Help\BCB\ch10lowlevel.rtf : 
	Nonscrolling region defined after scrolling region.
    HC3048: Warning: topic #146 of D:\Abbrevia\Help\BCB\ch10lowlevel.rtf : 
	Nonscrolling region defined after scrolling region.
    HC3048: Warning: topic #147 of D:\Abbrevia\Help\BCB\ch10lowlevel.rtf : 
	Nonscrolling region defined after scrolling region.
    HC3048: Warning: topic #148 of D:\Abbrevia\Help\BCB\ch10lowlevel.rtf : 
	Nonscrolling region defined after scrolling region.
    HC1012: Note: topic #148 of D:\Abbrevia\Help\BCB\ch10lowlevel.rtf : 
	Table cell borders are not supported.
    HC3048: Warning: topic #149 of D:\Abbrevia\Help\BCB\ch10lowlevel.rtf : 
	Nonscrolling region defined after scrolling region.
    HC3048: Warning: topic #150 of D:\Abbrevia\Help\BCB\ch10lowlevel.rtf : 
	Nonscrolling region defined after scrolling region.
    HC3048: Warning: topic #151 of D:\Abbrevia\Help\BCB\ch10lowlevel.rtf : 
	Nonscrolling region defined after scrolling region.
    HC3048: Warning: topic #152 of D:\Abbrevia\Help\BCB\ch10lowlevel.rtf : 
	Nonscrolling region defined after scrolling region.
    HC3048: Warning: topic #153 of D:\Abbrevia\Help\BCB\ch10lowlevel.rtf : 
	Nonscrolling region defined after scrolling region.
    HC3048: Warning: topic #154 of D:\Abbrevia\Help\BCB\ch10lowlevel.rtf : 
	Nonscrolling region defined after scrolling region.
    HC3048: Warning: topic #155 of D:\Abbrevia\Help\BCB\ch10lowlevel.rtf : 
	Nonscrolling region defined after scrolling region.
    HC3048: Warning: topic #156 of D:\Abbrevia\Help\BCB\ch10lowlevel.rtf : 
	Nonscrolling region defined after scrolling region.
    HC3048: Warning: topic #165 of D:\Abbrevia\Help\BCB\ch10lowlevel.rtf : 
	Nonscrolling region defined after scrolling region.
    HC3048: Warning: topic #166 of D:\Abbrevia\Help\BCB\ch10lowlevel.rtf : 
	Nonscrolling region defined after scrolling region.
    HC3048: Warning: topic #167 of D:\Abbrevia\Help\BCB\ch10lowlevel.rtf : 
	Nonscrolling region defined after scrolling region.
    HC3048: Warning: topic #168 of D:\Abbrevia\Help\BCB\ch10lowlevel.rtf : 
	Nonscrolling region defined after scrolling region.
    HC3048: Warning: topic #169 of D:\Abbrevia\Help\BCB\ch10lowlevel.rtf : 
	Nonscrolling region defined after scrolling region.
    HC1012: Note: topic #169 of D:\Abbrevia\Help\BCB\ch10lowlevel.rtf : 
	Table cell borders are not supported.
    HC3048: Warning: topic #170 of D:\Abbrevia\Help\BCB\ch10lowlevel.rtf : 
	Nonscrolling region defined after scrolling region.
    HC3048: Warning: topic #171 of D:\Abbrevia\Help\BCB\ch10lowlevel.rtf : 
	Nonscrolling region defined after scrolling region.
    HC3048: Warning: topic #172 of D:\Abbrevia\Help\BCB\ch10lowlevel.rtf : 
	Nonscrolling region defined after scrolling region.
    HC3048: Warning: topic #173 of D:\Abbrevia\Help\BCB\ch10lowlevel.rtf : 
	Nonscrolling region defined after scrolling region.
    HC1012: Note: topic #173 of D:\Abbrevia\Help\BCB\ch10lowlevel.rtf : 
	Table cell borders are not supported.
    HC3048: Warning: topic #174 of D:\Abbrevia\Help\BCB\ch10lowlevel.rtf : 
	Nonscrolling region defined after scrolling region.
    HC3048: Warning: topic #175 of D:\Abbrevia\Help\BCB\ch10lowlevel.rtf : 
	Nonscrolling region defined after scrolling region.
    HC3048: Warning: topic #176 of D:\Abbrevia\Help\BCB\ch10lowlevel.rtf : 
	Nonscrolling region defined after scrolling region.
    HC3048: Warning: topic #177 of D:\Abbrevia\Help\BCB\ch10lowlevel.rtf : 
	Nonscrolling region defined after scrolling region.
    HC3048: Warning: topic #186 of D:\Abbrevia\Help\BCB\ch10lowlevel.rtf : 
	Nonscrolling region defined after scrolling region.
    HC3048: Warning: topic #187 of D:\Abbrevia\Help\BCB\ch10lowlevel.rtf : 
	Nonscrolling region defined after scrolling region.
    HC3048: Warning: topic #188 of D:\Abbrevia\Help\BCB\ch10lowlevel.rtf : 
	Nonscrolling region defined after scrolling region.
    HC3048: Warning: topic #192 of D:\Abbrevia\Help\BCB\ch10lowlevel.rtf : 
	Nonscrolling region defined after scrolling region.
    HC3048: Warning: topic #194 of D:\Abbrevia\Help\BCB\ch10lowlevel.rtf : 
	Nonscrolling region defined after scrolling region.
    HC3048: Warning: topic #195 of D:\Abbrevia\Help\BCB\ch10lowlevel.rtf : 
	Nonscrolling region defined after scrolling region.
    HC3048: Warning: topic #196 of D:\Abbrevia\Help\BCB\ch10lowlevel.rtf : 
	Nonscrolling region defined after scrolling region.
    HC3048: Warning: topic #197 of D:\Abbrevia\Help\BCB\ch10lowlevel.rtf : 
	Nonscrolling region defined after scrolling region.
    HC3048: Warning: topic #198 of D:\Abbrevia\Help\BCB\ch10lowlevel.rtf : 
	Nonscrolling region defined after scrolling region.
    HC3048: Warning: topic #199 of D:\Abbrevia\Help\BCB\ch10lowlevel.rtf : 
	Nonscrolling region defined after scrolling region.
    HC3048: Warning: topic #200 of D:\Abbrevia\Help\BCB\ch10lowlevel.rtf : 
	Nonscrolling region defined after scrolling region.
    HC3048: Warning: topic #201 of D:\Abbrevia\Help\BCB\ch10lowlevel.rtf : 
	Nonscrolling region defined after scrolling region.
    HC3048: Warning: topic #202 of D:\Abbrevia\Help\BCB\ch10lowlevel.rtf : 
	Nonscrolling region defined after scrolling region.
    HC3048: Warning: topic #203 of D:\Abbrevia\Help\BCB\ch10lowlevel.rtf : 
	Nonscrolling region defined after scrolling region.
    HC3048: Warning: topic #204 of D:\Abbrevia\Help\BCB\ch10lowlevel.rtf : 
	Nonscrolling region defined after scrolling region.
    HC3048: Warning: topic #205 of D:\Abbrevia\Help\BCB\ch10lowlevel.rtf : 
	Nonscrolling region defined after scrolling region.
    HC3048: Warning: topic #206 of D:\Abbrevia\Help\BCB\ch10lowlevel.rtf : 
	Nonscrolling region defined after scrolling region.
    HC3048: Warning: topic #3 of D:\Abbrevia\Help\BCB\Ch4BaseComp.rtf : 
	Nonscrolling region defined after scrolling region.
    HC3048: Warning: topic #4 of D:\Abbrevia\Help\BCB\Ch4BaseComp.rtf : 
	Nonscrolling region defined after scrolling region.
    HC3048: Warning: topic #10 of D:\Abbrevia\Help\BCB\Ch4BaseComp.rtf : 
	Nonscrolling region defined after scrolling region.
    HC3048: Warning: topic #11 of D:\Abbrevia\Help\BCB\Ch4BaseComp.rtf : 
	Nonscrolling region defined after scrolling region.
    HC3048: Warning: topic #12 of D:\Abbrevia\Help\BCB\Ch4BaseComp.rtf : 
	Nonscrolling region defined after scrolling region.
    HC3048: Warning: topic #13 of D:\Abbrevia\Help\BCB\Ch4BaseComp.rtf : 
	Nonscrolling region defined after scrolling region.
    HC3048: Warning: topic #14 of D:\Abbrevia\Help\BCB\Ch4BaseComp.rtf : 
	Nonscrolling region defined after scrolling region.
    HC3048: Warning: topic #15 of D:\Abbrevia\Help\BCB\Ch4BaseComp.rtf : 
	Nonscrolling region defined after scrolling region.
    HC3048: Warning: topic #16 of D:\Abbrevia\Help\BCB\Ch4BaseComp.rtf : 
	Nonscrolling region defined after scrolling region.
    HC3048: Warning: topic #17 of D:\Abbrevia\Help\BCB\Ch4BaseComp.rtf : 
	Nonscrolling region defined after scrolling region.
    HC3048: Warning: topic #18 of D:\Abbrevia\Help\BCB\Ch4BaseComp.rtf : 
	Nonscrolling region defined after scrolling region.
    HC3048: Warning: topic #19 of D:\Abbrevia\Help\BCB\Ch4BaseComp.rtf : 
	Nonscrolling region defined after scrolling region.
    HC3048: Warning: topic #20 of D:\Abbrevia\Help\BCB\Ch4BaseComp.rtf : 
	Nonscrolling region defined after scrolling region.
    HC3048: Warning: topic #21 of D:\Abbrevia\Help\BCB\Ch4BaseComp.rtf : 
	Nonscrolling region defined after scrolling region.
    HC3048: Warning: topic #22 of D:\Abbrevia\Help\BCB\Ch4BaseComp.rtf : 
	Nonscrolling region defined after scrolling region.
    HC3048: Warning: topic #23 of D:\Abbrevia\Help\BCB\Ch4BaseComp.rtf : 
	Nonscrolling region defined after scrolling region.
    HC3048: Warning: topic #24 of D:\Abbrevia\Help\BCB\Ch4BaseComp.rtf : 
	Nonscrolling region defined after scrolling region.
    HC3048: Warning: topic #25 of D:\Abbrevia\Help\BCB\Ch4BaseComp.rtf : 
	Nonscrolling region defined after scrolling region.
    HC3048: Warning: topic #26 of D:\Abbrevia\Help\BCB\Ch4BaseComp.rtf : 
	Nonscrolling region defined after scrolling region.
    HC3048: Warning: topic #27 of D:\Abbrevia\Help\BCB\Ch4BaseComp.rtf : 
	Nonscrolling region defined after scrolling region.
    HC1012: Note: topic #27 of D:\Abbrevia\Help\BCB\Ch4BaseComp.rtf : 
	Table cell borders are not supported.
    HC3048: Warning: topic #28 of D:\Abbrevia\Help\BCB\Ch4BaseComp.rtf : 
	Nonscrolling region defined after scrolling region.
    HC3048: Warning: topic #29 of D:\Abbrevia\Help\BCB\Ch4BaseComp.rtf : 
	Nonscrolling region defined after scrolling region.
    HC3048: Warning: topic #30 of D:\Abbrevia\Help\BCB\Ch4BaseComp.rtf : 
	Nonscrolling region defined after scrolling region.
    HC3048: Warning: topic #31 of D:\Abbrevia\Help\BCB\Ch4BaseComp.rtf : 
	Nonscrolling region defined after scrolling region.
    HC3048: Warning: topic #32 of D:\Abbrevia\Help\BCB\Ch4BaseComp.rtf : 
	Nonscrolling region defined after scrolling region.
    HC3048: Warning: topic #33 of D:\Abbrevia\Help\BCB\Ch4BaseComp.rtf : 
	Nonscrolling region defined after scrolling region.
    HC3048: Warning: topic #34 of D:\Abbrevia\Help\BCB\Ch4BaseComp.rtf : 
	Nonscrolling region defined after scrolling region.
    HC3048: Warning: topic #5 of D:\Abbrevia\Help\BCB\ch5nvcomp.rtf : 
	Nonscrolling region defined after scrolling region.
    HC3048: Warning: topic #6 of D:\Abbrevia\Help\BCB\ch5nvcomp.rtf : 
	Nonscrolling region defined after scrolling region.
    HC3048: Warning: topic #8 of D:\Abbrevia\Help\BCB\ch5nvcomp.rtf : 
	Nonscrolling region defined after scrolling region.
    HC3048: Warning: topic #9 of D:\Abbrevia\Help\BCB\ch5nvcomp.rtf : 
	Nonscrolling region defined after scrolling region.
    HC3048: Warning: topic #10 of D:\Abbrevia\Help\BCB\ch5nvcomp.rtf : 
	Nonscrolling region defined after scrolling region.
    HC3048: Warning: topic #11 of D:\Abbrevia\Help\BCB\ch5nvcomp.rtf : 
	Nonscrolling region defined after scrolling region.
    HC3048: Warning: topic #12 of D:\Abbrevia\Help\BCB\ch5nvcomp.rtf : 
	Nonscrolling region defined after scrolling region.
    HC3048: Warning: topic #14 of D:\Abbrevia\Help\BCB\ch5nvcomp.rtf : 
	Nonscrolling region defined after scrolling region.
    HC3048: Warning: topic #17 of D:\Abbrevia\Help\BCB\ch5nvcomp.rtf : 
	Nonscrolling region defined after scrolling region.
    HC3048: Warning: topic #18 of D:\Abbrevia\Help\BCB\ch5nvcomp.rtf : 
	Nonscrolling region defined after scrolling region.
    HC3048: Warning: topic #20 of D:\Abbrevia\Help\BCB\ch5nvcomp.rtf : 
	Nonscrolling region defined after scrolling region.
    HC3048: Warning: topic #21 of D:\Abbrevia\Help\BCB\ch5nvcomp.rtf : 
	Nonscrolling region defined after scrolling region.
    HC1012: Note: topic #21 of D:\Abbrevia\Help\BCB\ch5nvcomp.rtf : 
	Table cell borders are not supported.
    HC3048: Warning: topic #22 of D:\Abbrevia\Help\BCB\ch5nvcomp.rtf : 
	Nonscrolling region defined after scrolling region.
    HC3048: Warning: topic #23 of D:\Abbrevia\Help\BCB\ch5nvcomp.rtf : 
	Nonscrolling region defined after scrolling region.
    HC1012: Note: topic #23 of D:\Abbrevia\Help\BCB\ch5nvcomp.rtf : 
	Table cell borders are not supported.
    HC3048: Warning: topic #24 of D:\Abbrevia\Help\BCB\ch5nvcomp.rtf : 
	Nonscrolling region defined after scrolling region.
    HC3048: Warning: topic #25 of D:\Abbrevia\Help\BCB\ch5nvcomp.rtf : 
	Nonscrolling region defined after scrolling region.
    HC3048: Warning: topic #26 of D:\Abbrevia\Help\BCB\ch5nvcomp.rtf : 
	Nonscrolling region defined after scrolling region.
    HC3048: Warning: topic #27 of D:\Abbrevia\Help\BCB\ch5nvcomp.rtf : 
	Nonscrolling region defined after scrolling region.
    HC3048: Warning: topic #28 of D:\Abbrevia\Help\BCB\ch5nvcomp.rtf : 
	Nonscrolling region defined after scrolling region.
    HC3048: Warning: topic #29 of D:\Abbrevia\Help\BCB\ch5nvcomp.rtf : 
	Nonscrolling region defined after scrolling region.
    HC3048: Warning: topic #35 of D:\Abbrevia\Help\BCB\ch5nvcomp.rtf : 
	Nonscrolling region defined after scrolling region.
    HC3048: Warning: topic #37 of D:\Abbrevia\Help\BCB\ch5nvcomp.rtf : 
	Nonscrolling region defined after scrolling region.
    HC1012: Note: topic #37 of D:\Abbrevia\Help\BCB\ch5nvcomp.rtf : 
	Table cell borders are not supported.
    HC3048: Warning: topic #38 of D:\Abbrevia\Help\BCB\ch5nvcomp.rtf : 
	Nonscrolling region defined after scrolling region.
    HC3048: Warning: topic #39 of D:\Abbrevia\Help\BCB\ch5nvcomp.rtf : 
	Nonscrolling region defined after scrolling region.
    HC3048: Warning: topic #40 of D:\Abbrevia\Help\BCB\ch5nvcomp.rtf : 
	Nonscrolling region defined after scrolling region.
    HC1012: Note: topic #41 of D:\Abbrevia\Help\BCB\ch5nvcomp.rtf : 
	Table cell borders are not supported.
    HC3048: Warning: topic #41 of D:\Abbrevia\Help\BCB\ch5nvcomp.rtf : 
	Nonscrolling region defined after scrolling region.
    HC3048: Warning: topic #42 of D:\Abbrevia\Help\BCB\ch5nvcomp.rtf : 
	Nonscrolling region defined after scrolling region.
    HC3048: Warning: topic #43 of D:\Abbrevia\Help\BCB\ch5nvcomp.rtf : 
	Nonscrolling region defined after scrolling region.
    HC3048: Warning: topic #44 of D:\Abbrevia\Help\BCB\ch5nvcomp.rtf : 
	Nonscrolling region defined after scrolling region.
    HC3048: Warning: topic #45 of D:\Abbrevia\Help\BCB\ch5nvcomp.rtf : 
	Nonscrolling region defined after scrolling region.
    HC3048: Warning: topic #46 of D:\Abbrevia\Help\BCB\ch5nvcomp.rtf : 
	Nonscrolling region defined after scrolling region.
    HC3048: Warning: topic #47 of D:\Abbrevia\Help\BCB\ch5nvcomp.rtf : 
	Nonscrolling region defined after scrolling region.
    HC3048: Warning: topic #48 of D:\Abbrevia\Help\BCB\ch5nvcomp.rtf : 
	Nonscrolling region defined after scrolling region.
    HC1012: Note: topic #48 of D:\Abbrevia\Help\BCB\ch5nvcomp.rtf : 
	Table cell borders are not supported.
    HC3048: Warning: topic #49 of D:\Abbrevia\Help\BCB\ch5nvcomp.rtf : 
	Nonscrolling region defined after scrolling region.
    HC3048: Warning: topic #50 of D:\Abbrevia\Help\BCB\ch5nvcomp.rtf : 
	Nonscrolling region defined after scrolling region.
    HC3048: Warning: topic #51 of D:\Abbrevia\Help\BCB\ch5nvcomp.rtf : 
	Nonscrolling region defined after scrolling region.
    HC3048: Warning: topic #52 of D:\Abbrevia\Help\BCB\ch5nvcomp.rtf : 
	Nonscrolling region defined after scrolling region.
    HC3048: Warning: topic #53 of D:\Abbrevia\Help\BCB\ch5nvcomp.rtf : 
	Nonscrolling region defined after scrolling region.
    HC3048: Warning: topic #54 of D:\Abbrevia\Help\BCB\ch5nvcomp.rtf : 
	Nonscrolling region defined after scrolling region.
    HC3048: Warning: topic #55 of D:\Abbrevia\Help\BCB\ch5nvcomp.rtf : 
	Nonscrolling region defined after scrolling region.
    HC3048: Warning: topic #56 of D:\Abbrevia\Help\BCB\ch5nvcomp.rtf : 
	Nonscrolling region defined after scrolling region.
    HC1012: Note: topic #57 of D:\Abbrevia\Help\BCB\ch5nvcomp.rtf : 
	Table cell borders are not supported.
    HC3048: Warning: topic #57 of D:\Abbrevia\Help\BCB\ch5nvcomp.rtf : 
	Nonscrolling region defined after scrolling region.
    HC3048: Warning: topic #62 of D:\Abbrevia\Help\BCB\ch5nvcomp.rtf : 
	Nonscrolling region defined after scrolling region.
    HC3048: Warning: topic #63 of D:\Abbrevia\Help\BCB\ch5nvcomp.rtf : 
	Nonscrolling region defined after scrolling region.
    HC3048: Warning: topic #65 of D:\Abbrevia\Help\BCB\ch5nvcomp.rtf : 
	Nonscrolling region defined after scrolling region.
    HC3048: Warning: topic #66 of D:\Abbrevia\Help\BCB\ch5nvcomp.rtf : 
	Nonscrolling region defined after scrolling region.
    HC1012: Note: topic #66 of D:\Abbrevia\Help\BCB\ch5nvcomp.rtf : 
	Table cell borders are not supported.
    HC3048: Warning: topic #67 of D:\Abbrevia\Help\BCB\ch5nvcomp.rtf : 
	Nonscrolling region defined after scrolling region.
    HC3048: Warning: topic #68 of D:\Abbrevia\Help\BCB\ch5nvcomp.rtf : 
	Nonscrolling region defined after scrolling region.
    HC1012: Note: topic #68 of D:\Abbrevia\Help\BCB\ch5nvcomp.rtf : 
	Table cell borders are not supported.
    HC3048: Warning: topic #69 of D:\Abbrevia\Help\BCB\ch5nvcomp.rtf : 
	Nonscrolling region defined after scrolling region.
    HC3048: Warning: topic #70 of D:\Abbrevia\Help\BCB\ch5nvcomp.rtf : 
	Nonscrolling region defined after scrolling region.
    HC3048: Warning: topic #71 of D:\Abbrevia\Help\BCB\ch5nvcomp.rtf : 
	Nonscrolling region defined after scrolling region.
    HC3048: Warning: topic #72 of D:\Abbrevia\Help\BCB\ch5nvcomp.rtf : 
	Nonscrolling region defined after scrolling region.
    HC3048: Warning: topic #73 of D:\Abbrevia\Help\BCB\ch5nvcomp.rtf : 
	Nonscrolling region defined after scrolling region.
    HC3048: Warning: topic #74 of D:\Abbrevia\Help\BCB\ch5nvcomp.rtf : 
	Nonscrolling region defined after scrolling region.
    HC3048: Warning: topic #6 of D:\Abbrevia\Help\BCB\ch7ZipOutline.rtf : 
	Nonscrolling region defined after scrolling region.
    HC3048: Warning: topic #8 of D:\Abbrevia\Help\BCB\ch7ZipOutline.rtf : 
	Nonscrolling region defined after scrolling region.
    HC1012: Note: topic #8 of D:\Abbrevia\Help\BCB\ch7ZipOutline.rtf : 
	Table cell borders are not supported.
    HC3048: Warning: topic #9 of D:\Abbrevia\Help\BCB\ch7ZipOutline.rtf : 
	Nonscrolling region defined after scrolling region.
    HC3048: Warning: topic #10 of D:\Abbrevia\Help\BCB\ch7ZipOutline.rtf : 
	Nonscrolling region defined after scrolling region.
    HC3048: Warning: topic #11 of D:\Abbrevia\Help\BCB\ch7ZipOutline.rtf : 
	Nonscrolling region defined after scrolling region.
    HC1012: Note: topic #12 of D:\Abbrevia\Help\BCB\ch7ZipOutline.rtf : 
	Table cell borders are not supported.
    HC3048: Warning: topic #12 of D:\Abbrevia\Help\BCB\ch7ZipOutline.rtf : 
	Nonscrolling region defined after scrolling region.
    HC3048: Warning: topic #13 of D:\Abbrevia\Help\BCB\ch7ZipOutline.rtf : 
	Nonscrolling region defined after scrolling region.
    HC3048: Warning: topic #14 of D:\Abbrevia\Help\BCB\ch7ZipOutline.rtf : 
	Nonscrolling region defined after scrolling region.
    HC3048: Warning: topic #15 of D:\Abbrevia\Help\BCB\ch7ZipOutline.rtf : 
	Nonscrolling region defined after scrolling region.
    HC3048: Warning: topic #16 of D:\Abbrevia\Help\BCB\ch7ZipOutline.rtf : 
	Nonscrolling region defined after scrolling region.
    HC1012: Note: topic #17 of D:\Abbrevia\Help\BCB\ch7ZipOutline.rtf : 
	Table cell borders are not supported.
    HC3048: Warning: topic #17 of D:\Abbrevia\Help\BCB\ch7ZipOutline.rtf : 
	Nonscrolling region defined after scrolling region.
    HC3048: Warning: topic #18 of D:\Abbrevia\Help\BCB\ch7ZipOutline.rtf : 
	Nonscrolling region defined after scrolling region.
    HC3048: Warning: topic #19 of D:\Abbrevia\Help\BCB\ch7ZipOutline.rtf : 
	Nonscrolling region defined after scrolling region.
    HC3048: Warning: topic #20 of D:\Abbrevia\Help\BCB\ch7ZipOutline.rtf : 
	Nonscrolling region defined after scrolling region.
    HC3048: Warning: topic #21 of D:\Abbrevia\Help\BCB\ch7ZipOutline.rtf : 
	Nonscrolling region defined after scrolling region.
    HC3048: Warning: topic #22 of D:\Abbrevia\Help\BCB\ch7ZipOutline.rtf : 
	Nonscrolling region defined after scrolling region.
    HC3048: Warning: topic #23 of D:\Abbrevia\Help\BCB\ch7ZipOutline.rtf : 
	Nonscrolling region defined after scrolling region.
    HC3048: Warning: topic #24 of D:\Abbrevia\Help\BCB\ch7ZipOutline.rtf : 
	Nonscrolling region defined after scrolling region.
    HC3048: Warning: topic #25 of D:\Abbrevia\Help\BCB\ch7ZipOutline.rtf : 
	Nonscrolling region defined after scrolling region.
    HC3048: Warning: topic #26 of D:\Abbrevia\Help\BCB\ch7ZipOutline.rtf : 
	Nonscrolling region defined after scrolling region.
    HC1012: Note: topic #26 of D:\Abbrevia\Help\BCB\ch7ZipOutline.rtf : 
	Table cell borders are not supported.
    HC3048: Warning: topic #27 of D:\Abbrevia\Help\BCB\ch7ZipOutline.rtf : 
	Nonscrolling region defined after scrolling region.
    HC3048: Warning: topic #28 of D:\Abbrevia\Help\BCB\ch7ZipOutline.rtf : 
	Nonscrolling region defined after scrolling region.
    HC1012: Note: topic #28 of D:\Abbrevia\Help\BCB\ch7ZipOutline.rtf : 
	Table cell borders are not supported.
    HC3048: Warning: topic #29 of D:\Abbrevia\Help\BCB\ch7ZipOutline.rtf : 
	Nonscrolling region defined after scrolling region.
    HC3048: Warning: topic #30 of D:\Abbrevia\Help\BCB\ch7ZipOutline.rtf : 
	Nonscrolling region defined after scrolling region.
    HC3048: Warning: topic #31 of D:\Abbrevia\Help\BCB\ch7ZipOutline.rtf : 
	Nonscrolling region defined after scrolling region.
    HC3048: Warning: topic #32 of D:\Abbrevia\Help\BCB\ch7ZipOutline.rtf : 
	Nonscrolling region defined after scrolling region.
    HC3048: Warning: topic #33 of D:\Abbrevia\Help\BCB\ch7ZipOutline.rtf : 
	Nonscrolling region defined after scrolling region.
    HC3048: Warning: topic #34 of D:\Abbrevia\Help\BCB\ch7ZipOutline.rtf : 
	Nonscrolling region defined after scrolling region.
    HC1012: Note: topic #34 of D:\Abbrevia\Help\BCB\ch7ZipOutline.rtf : 
	Table cell borders are not supported.
    HC3048: Warning: topic #35 of D:\Abbrevia\Help\BCB\ch7ZipOutline.rtf : 
	Nonscrolling region defined after scrolling region.
    HC3048: Warning: topic #36 of D:\Abbrevia\Help\BCB\ch7ZipOutline.rtf : 
	Nonscrolling region defined after scrolling region.
    HC3048: Warning: topic #37 of D:\Abbrevia\Help\BCB\ch7ZipOutline.rtf : 
	Nonscrolling region defined after scrolling region.
    HC3048: Warning: topic #38 of D:\Abbrevia\Help\BCB\ch7ZipOutline.rtf : 
	Nonscrolling region defined after scrolling region.
    HC3048: Warning: topic #39 of D:\Abbrevia\Help\BCB\ch7ZipOutline.rtf : 
	Nonscrolling region defined after scrolling region.
    HC3048: Warning: topic #40 of D:\Abbrevia\Help\BCB\ch7ZipOutline.rtf : 
	Nonscrolling region defined after scrolling region.
    HC3048: Warning: topic #41 of D:\Abbrevia\Help\BCB\ch7ZipOutline.rtf : 
	Nonscrolling region defined after scrolling region.
    HC3048: Warning: topic #42 of D:\Abbrevia\Help\BCB\ch7ZipOutline.rtf : 
	Nonscrolling region defined after scrolling region.
    HC3048: Warning: topic #43 of D:\Abbrevia\Help\BCB\ch7ZipOutline.rtf : 
	Nonscrolling region defined after scrolling region.
    HC3048: Warning: topic #44 of D:\Abbrevia\Help\BCB\ch7ZipOutline.rtf : 
	Nonscrolling region defined after scrolling region.
    HC3048: Warning: topic #45 of D:\Abbrevia\Help\BCB\ch7ZipOutline.rtf : 
	Nonscrolling region defined after scrolling region.
    HC3048: Warning: topic #46 of D:\Abbrevia\Help\BCB\ch7ZipOutline.rtf : 
	Nonscrolling region defined after scrolling region.
    HC3048: Warning: topic #47 of D:\Abbrevia\Help\BCB\ch7ZipOutline.rtf : 
	Nonscrolling region defined after scrolling region.
    HC3048: Warning: topic #48 of D:\Abbrevia\Help\BCB\ch7ZipOutline.rtf : 
	Nonscrolling region defined after scrolling region.
    HC3048: Warning: topic #49 of D:\Abbrevia\Help\BCB\ch7ZipOutline.rtf : 
	Nonscrolling region defined after scrolling region.
    HC3048: Warning: topic #50 of D:\Abbrevia\Help\BCB\ch7ZipOutline.rtf : 
	Nonscrolling region defined after scrolling region.
    HC3048: Warning: topic #51 of D:\Abbrevia\Help\BCB\ch7ZipOutline.rtf : 
	Nonscrolling region defined after scrolling region.
    HC3048: Warning: topic #52 of D:\Abbrevia\Help\BCB\ch7ZipOutline.rtf : 
	Nonscrolling region defined after scrolling region.
    HC1012: Note: topic #52 of D:\Abbrevia\Help\BCB\ch7ZipOutline.rtf : 
	Table cell borders are not supported.
    HC3048: Warning: topic #53 of D:\Abbrevia\Help\BCB\ch7ZipOutline.rtf : 
	Nonscrolling region defined after scrolling region.
    HC3048: Warning: topic #54 of D:\Abbrevia\Help\BCB\ch7ZipOutline.rtf : 
	Nonscrolling region defined after scrolling region.
    HC3048: Warning: topic #55 of D:\Abbrevia\Help\BCB\ch7ZipOutline.rtf : 
	Nonscrolling region defined after scrolling region.
    HC3048: Warning: topic #56 of D:\Abbrevia\Help\BCB\ch7ZipOutline.rtf : 
	Nonscrolling region defined after scrolling region.
    HC3048: Warning: topic #57 of D:\Abbrevia\Help\BCB\ch7ZipOutline.rtf : 
	Nonscrolling region defined after scrolling region.
    HC3048: Warning: topic #58 of D:\Abbrevia\Help\BCB\ch7ZipOutline.rtf : 
	Nonscrolling region defined after scrolling region.
    HC1012: Note: topic #59 of D:\Abbrevia\Help\BCB\ch7ZipOutline.rtf : 
	Table cell borders are not supported.
    HC3048: Warning: topic #59 of D:\Abbrevia\Help\BCB\ch7ZipOutline.rtf : 
	Nonscrolling region defined after scrolling region.
    HC3048: Warning: topic #60 of D:\Abbrevia\Help\BCB\ch7ZipOutline.rtf : 
	Nonscrolling region defined after scrolling region.
    HC3048: Warning: topic #61 of D:\Abbrevia\Help\BCB\ch7ZipOutline.rtf : 
	Nonscrolling region defined after scrolling region.
    HC3048: Warning: topic #62 of D:\Abbrevia\Help\BCB\ch7ZipOutline.rtf : 
	Nonscrolling region defined after scrolling region.
    HC3048: Warning: topic #63 of D:\Abbrevia\Help\BCB\ch7ZipOutline.rtf : 
	Nonscrolling region defined after scrolling region.
    HC3048: Warning: topic #64 of D:\Abbrevia\Help\BCB\ch7ZipOutline.rtf : 
	Nonscrolling region defined after scrolling region.
    HC3048: Warning: topic #65 of D:\Abbrevia\Help\BCB\ch7ZipOutline.rtf : 
	Nonscrolling region defined after scrolling region.
    HC3048: Warning: topic #66 of D:\Abbrevia\Help\BCB\ch7ZipOutline.rtf : 
	Nonscrolling region defined after scrolling region.
    HC3048: Warning: topic #67 of D:\Abbrevia\Help\BCB\ch7ZipOutline.rtf : 
	Nonscrolling region defined after scrolling region.
    HC3048: Warning: topic #68 of D:\Abbrevia\Help\BCB\ch7ZipOutline.rtf : 
	Nonscrolling region defined after scrolling region.
    HC1012: Note: topic #69 of D:\Abbrevia\Help\BCB\ch7ZipOutline.rtf : 
	Table cell borders are not supported.
    HC3048: Warning: topic #69 of D:\Abbrevia\Help\BCB\ch7ZipOutline.rtf : 
	Nonscrolling region defined after scrolling region.
    HC1012: Note: topic #70 of D:\Abbrevia\Help\BCB\ch7ZipOutline.rtf : 
	Table cell borders are not supported.
    HC3048: Warning: topic #70 of D:\Abbrevia\Help\BCB\ch7ZipOutline.rtf : 
	Nonscrolling region defined after scrolling region.
    HC3048: Warning: topic #71 of D:\Abbrevia\Help\BCB\ch7ZipOutline.rtf : 
	Nonscrolling region defined after scrolling region.
    HC3048: Warning: topic #72 of D:\Abbrevia\Help\BCB\ch7ZipOutline.rtf : 
	Nonscrolling region defined after scrolling region.
    HC3048: Warning: topic #73 of D:\Abbrevia\Help\BCB\ch7ZipOutline.rtf : 
	Nonscrolling region defined after scrolling region.
    HC3048: Warning: topic #74 of D:\Abbrevia\Help\BCB\ch7ZipOutline.rtf : 
	Nonscrolling region defined after scrolling region.
    HC3048: Warning: topic #75 of D:\Abbrevia\Help\BCB\ch7ZipOutline.rtf : 
	Nonscrolling region defined after scrolling region.
    HC3048: Warning: topic #76 of D:\Abbrevia\Help\BCB\ch7ZipOutline.rtf : 
	Nonscrolling region defined after scrolling region.
    HC3048: Warning: topic #3 of D:\Abbrevia\Help\BCB\Ch8ZipView.rtf : 
	Nonscrolling region defined after scrolling region.
    HC3048: Warning: topic #4 of D:\Abbrevia\Help\BCB\Ch8ZipView.rtf : 
	Nonscrolling region defined after scrolling region.
    HC3048: Warning: topic #5 of D:\Abbrevia\Help\BCB\Ch8ZipView.rtf : 
	Nonscrolling region defined after scrolling region.
    HC3048: Warning: topic #6 of D:\Abbrevia\Help\BCB\Ch8ZipView.rtf : 
	Nonscrolling region defined after scrolling region.
    HC3048: Warning: topic #7 of D:\Abbrevia\Help\BCB\Ch8ZipView.rtf : 
	Nonscrolling region defined after scrolling region.
    HC3048: Warning: topic #8 of D:\Abbrevia\Help\BCB\Ch8ZipView.rtf : 
	Nonscrolling region defined after scrolling region.
    HC3048: Warning: topic #12 of D:\Abbrevia\Help\BCB\Ch8ZipView.rtf : 
	Nonscrolling region defined after scrolling region.
    HC3048: Warning: topic #13 of D:\Abbrevia\Help\BCB\Ch8ZipView.rtf : 
	Nonscrolling region defined after scrolling region.
    HC3048: Warning: topic #15 of D:\Abbrevia\Help\BCB\Ch8ZipView.rtf : 
	Nonscrolling region defined after scrolling region.
    HC3048: Warning: topic #16 of D:\Abbrevia\Help\BCB\Ch8ZipView.rtf : 
	Nonscrolling region defined after scrolling region.
    HC1012: Note: topic #16 of D:\Abbrevia\Help\BCB\Ch8ZipView.rtf : 
	Table cell borders are not supported.
    HC3048: Warning: topic #17 of D:\Abbrevia\Help\BCB\Ch8ZipView.rtf : 
	Nonscrolling region defined after scrolling region.
    HC3048: Warning: topic #18 of D:\Abbrevia\Help\BCB\Ch8ZipView.rtf : 
	Nonscrolling region defined after scrolling region.
    HC3048: Warning: topic #19 of D:\Abbrevia\Help\BCB\Ch8ZipView.rtf : 
	Nonscrolling region defined after scrolling region.
    HC3048: Warning: topic #20 of D:\Abbrevia\Help\BCB\Ch8ZipView.rtf : 
	Nonscrolling region defined after scrolling region.
    HC3048: Warning: topic #21 of D:\Abbrevia\Help\BCB\Ch8ZipView.rtf : 
	Nonscrolling region defined after scrolling region.
    HC3048: Warning: topic #22 of D:\Abbrevia\Help\BCB\Ch8ZipView.rtf : 
	Nonscrolling region defined after scrolling region.
    HC3048: Warning: topic #23 of D:\Abbrevia\Help\BCB\Ch8ZipView.rtf : 
	Nonscrolling region defined after scrolling region.
    HC1012: Note: topic #24 of D:\Abbrevia\Help\BCB\Ch8ZipView.rtf : 
	Table cell borders are not supported.
    HC3048: Warning: topic #24 of D:\Abbrevia\Help\BCB\Ch8ZipView.rtf : 
	Nonscrolling region defined after scrolling region.
    HC3048: Warning: topic #25 of D:\Abbrevia\Help\BCB\Ch8ZipView.rtf : 
	Nonscrolling region defined after scrolling region.
    HC3048: Warning: topic #26 of D:\Abbrevia\Help\BCB\Ch8ZipView.rtf : 
	Nonscrolling region defined after scrolling region.
    HC1012: Note: topic #27 of D:\Abbrevia\Help\BCB\Ch8ZipView.rtf : 
	Table cell borders are not supported.
    HC3048: Warning: topic #27 of D:\Abbrevia\Help\BCB\Ch8ZipView.rtf : 
	Nonscrolling region defined after scrolling region.
    HC3048: Warning: topic #28 of D:\Abbrevia\Help\BCB\Ch8ZipView.rtf : 
	Nonscrolling region defined after scrolling region.
    HC3048: Warning: topic #29 of D:\Abbrevia\Help\BCB\Ch8ZipView.rtf : 
	Nonscrolling region defined after scrolling region.
    HC3048: Warning: topic #30 of D:\Abbrevia\Help\BCB\Ch8ZipView.rtf : 
	Nonscrolling region defined after scrolling region.
    HC3048: Warning: topic #31 of D:\Abbrevia\Help\BCB\Ch8ZipView.rtf : 
	Nonscrolling region defined after scrolling region.
    HC3048: Warning: topic #32 of D:\Abbrevia\Help\BCB\Ch8ZipView.rtf : 
	Nonscrolling region defined after scrolling region.
    HC3048: Warning: topic #33 of D:\Abbrevia\Help\BCB\Ch8ZipView.rtf : 
	Nonscrolling region defined after scrolling region.
    HC3048: Warning: topic #34 of D:\Abbrevia\Help\BCB\Ch8ZipView.rtf : 
	Nonscrolling region defined after scrolling region.
    HC3048: Warning: topic #37 of D:\Abbrevia\Help\BCB\Ch8ZipView.rtf : 
	Nonscrolling region defined after scrolling region.
    HC3048: Warning: topic #38 of D:\Abbrevia\Help\BCB\Ch8ZipView.rtf : 
	Nonscrolling region defined after scrolling region.
    HC3048: Warning: topic #39 of D:\Abbrevia\Help\BCB\Ch8ZipView.rtf : 
	Nonscrolling region defined after scrolling region.
    HC3048: Warning: topic #40 of D:\Abbrevia\Help\BCB\Ch8ZipView.rtf : 
	Nonscrolling region defined after scrolling region.
    HC3048: Warning: topic #41 of D:\Abbrevia\Help\BCB\Ch8ZipView.rtf : 
	Nonscrolling region defined after scrolling region.
    HC3048: Warning: topic #44 of D:\Abbrevia\Help\BCB\Ch8ZipView.rtf : 
	Nonscrolling region defined after scrolling region.
    HC3048: Warning: topic #45 of D:\Abbrevia\Help\BCB\Ch8ZipView.rtf : 
	Nonscrolling region defined after scrolling region.
    HC3048: Warning: topic #46 of D:\Abbrevia\Help\BCB\Ch8ZipView.rtf : 
	Nonscrolling region defined after scrolling region.
    HC3048: Warning: topic #47 of D:\Abbrevia\Help\BCB\Ch8ZipView.rtf : 
	Nonscrolling region defined after scrolling region.
    HC3048: Warning: topic #48 of D:\Abbrevia\Help\BCB\Ch8ZipView.rtf : 
	Nonscrolling region defined after scrolling region.
    HC3025: Warning: topic #116 of D:\Abbrevia\Help\BCB\ch10lowlevel.rtf : 
	Jump to undefined Topic ID: "TAbArchive_TAbArchiveFromStream".
673	Topics
2,407	Jumps
1,311	Keywords
0	Bitmaps


Created D:\Abbrevia\Help\BCB\abbrbcb.hlp, 905,841 bytes
Compile time: 0 minutes, 1 second
79 notes, 556 warnings
