Microsoft (R) Help Compiler
HCRTF 4.03.0002
Copyright (c) Microsoft Corp 1990 - 1995. All rights reserved.
ReadMe.hpj
    HC1012: Note: topic #3 of D:\Abbrevia\Help\readme\ReadMe.rtf : 
	Table cell borders are not supported.
    HC3048: Warning: topic #3 of D:\Abbrevia\Help\readme\ReadMe.rtf : 
	Nonscrolling region defined after scrolling region.
    HC3048: Warning: topic #4 of D:\Abbrevia\Help\readme\ReadMe.rtf : 
	Nonscrolling region defined after scrolling region.
    HC3048: Warning: topic #7 of D:\Abbrevia\Help\readme\ReadMe.rtf : 
	Nonscrolling region defined after scrolling region.
    HC1012: Note: topic #7 of D:\Abbrevia\Help\readme\ReadMe.rtf : 
	Table cell borders are not supported.
    HC3048: Warning: topic #16 of D:\Abbrevia\Help\readme\ReadMe.rtf : 
	Nonscrolling region defined after scrolling region.
    HC3048: Warning: topic #17 of D:\Abbrevia\Help\readme\ReadMe.rtf : 
	Nonscrolling region defined after scrolling region.
23	Topics
23	Jumps
10	Keywords
0	Bitmaps


Created D:\Abbrevia\Help\readme\ReadMe.hlp, 42,092 bytes
Hall+Zeck compression decreased help file by 26,844 bytes.
Compile time: 0 minutes, 0 seconds
2 notes, 5 warnings
